<?xml version="1.0" encoding="UTF-8"?>
<!-- Generated by org.testng.reporters.JUnitReportReporter -->
<testsuite skipped="0" hostname="Tuyens-MacBook-Pro-4.local" name="tests.order.BuildCheapComputerTest" tests="3" failures="0" timestamp="2021-10-13T18:44:04 CDT" time="13.894" errors="0">
  <testcase name="testBuildingCheapComputer" time="2.161" classname="tests.order.BuildCheapComputerTest"/>
  <system-out/>
  <testcase name="testBuildingCheapComputer" time="8.935" classname="tests.order.BuildCheapComputerTest"/>
  <system-out/>
  <testcase name="testBuildingCheapComputer" time="2.798" classname="tests.order.BuildCheapComputerTest"/>
  <system-out/>
</testsuite> <!-- tests.order.BuildCheapComputerTest -->
